<?xml version="1.0" encoding="UTF-8"?>
<testng-results skipped="0" failed="0" ignored="0" total="1" passed="1">
  <reporter-output>
  </reporter-output>
  <suite name="Default suite" duration-ms="11148" started-at="2018-11-12T06:58:33Z" finished-at="2018-11-12T06:58:44Z">
    <groups>
    </groups>
    <test name="Default test" duration-ms="11148" started-at="2018-11-12T06:58:33Z" finished-at="2018-11-12T06:58:44Z">
      <class name="com.test.selenium.ExampleIntegrationTest">
        <test-method status="PASS" signature="f()[pri:0, instance:com.test.selenium.ExampleIntegrationTest@15bfd87]" name="f" duration-ms="11070" started-at="2018-11-12T06:58:33Z" finished-at="2018-11-12T06:58:44Z">
          <reporter-output>
          </reporter-output>
        </test-method> <!-- f -->
      </class> <!-- com.test.selenium.ExampleIntegrationTest -->
    </test> <!-- Default test -->
  </suite> <!-- Default suite -->
</testng-results>
